<?xml version="1.0" encoding="UTF-8"?>
<testExecutions version="1">
  <file path="D:\Projects\RK-ai 1.0\student-tracking-app\src\app\api\__tests__\api-test.test.ts">
    <testCase name="/api/test/api successfully tests all API connections" duration="16">
      <failure message="Error: expect(received).toBe(expected) // Object.is equality"><![CDATA[Error: expect(received).toBe(expected) // Object.is equality

Expected: true
Received: false
    at Object.toBe (D:\Projects\RK-ai 1.0\student-tracking-app\src\app\api\__tests__\api-test.test.ts:85:26)
    at processTicksAndRejections (node:internal/process/task_queues:105:5)]]></failure>
    </testCase>
    <testCase name="/api/test/api handles OpenAI transcription API failure" duration="4">
      <failure message="Error: expect(received).toContain(expected) // indexOf"><![CDATA[Error: expect(received).toContain(expected) // indexOf

Expected substring: "Invalid API key"
Received string:    "Transcription API test failed: Cannot read properties of undefined (reading 'list')"
    at Object.toContain (D:\Projects\RK-ai 1.0\student-tracking-app\src\app\api\__tests__\api-test.test.ts:129:48)
    at processTicksAndRejections (node:internal/process/task_queues:105:5)]]></failure>
    </testCase>
    <testCase name="/api/test/api handles Google Gemini API failure" duration="2"/>
    <testCase name="/api/test/api handles custom endpoint configuration" duration="5">
      <failure message="Error: expect(jest.fn()).toHaveBeenCalledWith(...expected)"><![CDATA[Error: expect(jest.fn()).toHaveBeenCalledWith(...expected)

Expected: "https://custom-transcription.example.com/api", ObjectContaining {"headers": ObjectContaining {"Authorization": "Bearer custom-key"}, "method": "POST"}

Number of calls: 0
    at Object.toHaveBeenCalledWith (D:\Projects\RK-ai 1.0\student-tracking-app\src\app\api\__tests__\api-test.test.ts:215:26)
    at processTicksAndRejections (node:internal/process/task_queues:105:5)]]></failure>
    </testCase>
    <testCase name="/api/test/api handles missing API keys" duration="2"/>
    <testCase name="/api/test/api handles invalid request body" duration="3">
      <failure message="Error: expect(received).toBe(expected) // Object.is equality"><![CDATA[Error: expect(received).toBe(expected) // Object.is equality

Expected: 500
Received: 200
    at Object.toBe (D:\Projects\RK-ai 1.0\student-tracking-app\src\app\api\__tests__\api-test.test.ts:273:29)
    at processTicksAndRejections (node:internal/process/task_queues:105:5)]]></failure>
    </testCase>
    <testCase name="/api/test/api tests embeddings with different providers" duration="3">
      <failure message="Error: expect(jest.fn()).toHaveBeenCalledWith(...expected)"><![CDATA[Error: expect(jest.fn()).toHaveBeenCalledWith(...expected)

Expected: {"input": "This is a test embedding request to verify the API connection.", "model": "text-embedding-3-small"}

Number of calls: 0
    at Object.toHaveBeenCalledWith (D:\Projects\RK-ai 1.0\student-tracking-app\src\app\api\__tests__\api-test.test.ts:313:50)
    at processTicksAndRejections (node:internal/process/task_queues:105:5)]]></failure>
    </testCase>
  </file>
  <file path="D:\Projects\RK-ai 1.0\student-tracking-app\src\app\api\__tests__\database.test.ts">
    <testCase name="/api/test/database successfully tests database connections" duration="14"/>
    <testCase name="/api/test/database handles PostgreSQL connection failure" duration="4"/>
    <testCase name="/api/test/database handles Qdrant connection failure" duration="2"/>
    <testCase name="/api/test/database handles invalid request body" duration="6">
      <failure message="Error: expect(received).toBe(expected) // Object.is equality"><![CDATA[Error: expect(received).toBe(expected) // Object.is equality

Expected: 500
Received: 200
    at Object.toBe (D:\Projects\RK-ai 1.0\student-tracking-app\src\app\api\__tests__\database.test.ts:156:29)
    at processTicksAndRejections (node:internal/process/task_queues:105:5)]]></failure>
    </testCase>
    <testCase name="/api/setup/schema successfully sets up database schema" duration="3"/>
    <testCase name="/api/setup/schema handles schema setup failure" duration="106"/>
    <testCase name="/api/setup/schema creates Qdrant collection if it does not exist" duration="3">
      <failure message="Error: expect(jest.fn()).toHaveBeenCalledWith(...expected)"><![CDATA[Error: expect(jest.fn()).toHaveBeenCalledWith(...expected)

Expected: "new_collection", Any<Object>

Number of calls: 0
    at Object.toHaveBeenCalledWith (D:\Projects\RK-ai 1.0\student-tracking-app\src\app\api\__tests__\database.test.ts:263:47)
    at processTicksAndRejections (node:internal/process/task_queues:105:5)]]></failure>
    </testCase>
  </file>
  <file path="D:\Projects\RK-ai 1.0\student-tracking-app\src\app\api\__tests__\chat.test.ts">
    <testCase name="/api/chat successfully processes chat message with Google Gemini" duration="144"/>
    <testCase name="/api/chat handles missing message in request" duration="4"/>
    <testCase name="/api/chat handles empty message in request" duration="3"/>
    <testCase name="/api/chat handles missing configuration" duration="1"/>
    <testCase name="/api/chat continues without database when database initialization fails" duration="11"/>
    <testCase name="/api/chat handles OpenAI provider configuration" duration="11"/>
    <testCase name="/api/chat handles unsupported LLM provider" duration="8"/>
    <testCase name="/api/chat handles Gemini API error" duration="21">
      <failure message="Error: expect(received).toContain(expected) // indexOf"><![CDATA[Error: expect(received).toContain(expected) // indexOf

Expected substring: "Failed to process message"
Received string:    "Failed to process with Gemini: response.json is not a function"
    at Object.toContain (D:\Projects\RK-ai 1.0\student-tracking-app\src\app\api\__tests__\chat.test.ts:253:24)
    at processTicksAndRejections (node:internal/process/task_queues:105:5)]]></failure>
    </testCase>
    <testCase name="/api/chat includes student context when database is available" duration="13">
      <failure message="Error: expect(jest.fn()).toHaveBeenCalledWith(...expected)"><![CDATA[Error: expect(jest.fn()).toHaveBeenCalledWith(...expected)

Expected: "John Doe"

Number of calls: 0
    at Object.toHaveBeenCalledWith (D:\Projects\RK-ai 1.0\student-tracking-app\src\app\api\__tests__\chat.test.ts:288:44)
    at processTicksAndRejections (node:internal/process/task_queues:105:5)]]></failure>
    </testCase>
    <testCase name="/api/chat handles invalid JSON in request body" duration="3">
      <failure message="Error: expect(received).toBe(expected) // Object.is equality"><![CDATA[Error: expect(received).toBe(expected) // Object.is equality

Expected: 500
Received: 400
    at Object.toBe (D:\Projects\RK-ai 1.0\student-tracking-app\src\app\api\__tests__\chat.test.ts:303:29)
    at processTicksAndRejections (node:internal/process/task_queues:105:5)]]></failure>
    </testCase>
  </file>
  <file path="D:\Projects\RK-ai 1.0\student-tracking-app\src\app\api\setup\sample-data\__tests__\sample-data.test.ts">
    <testCase name="/api/setup/sample-data/students successfully loads sample students" duration="16"/>
    <testCase name="/api/setup/sample-data/students uses connection string from request body when provided" duration="5"/>
    <testCase name="/api/setup/sample-data/students handles missing database configuration" duration="2"/>
    <testCase name="/api/setup/sample-data/students handles database connection failure" duration="123"/>
    <testCase name="/api/setup/sample-data/students handles database query failure" duration="11"/>
    <testCase name="/api/setup/sample-data/payments successfully loads sample payments" duration="2"/>
    <testCase name="/api/setup/sample-data/payments handles no existing students" duration="2"/>
    <testCase name="/api/setup/sample-data/tests successfully loads sample test records" duration="4"/>
    <testCase name="/api/setup/sample-data/tests handles database error during test loading" duration="14">
      <failure message="Error: expect(received).toContain(expected) // indexOf"><![CDATA[Error: expect(received).toContain(expected) // indexOf

Expected substring: "Failed to load sample test records"
Received string:    "Failed to load sample test scores"
    at Object.toContain (D:\Projects\RK-ai 1.0\student-tracking-app\src\app\api\setup\sample-data\__tests__\sample-data.test.ts:257:26)
    at processTicksAndRejections (node:internal/process/task_queues:105:5)]]></failure>
    </testCase>
  </file>
  <file path="D:\Projects\RK-ai 1.0\student-tracking-app\src\components\setup\__tests__\SetupWizard.test.tsx">
    <testCase name="SetupWizard renders the setup wizard with initial state" duration="164">
      <failure message="TestingLibraryElementError: Found multiple elements with the text: Database Configuration"><![CDATA[TestingLibraryElementError: Found multiple elements with the text: Database Configuration

Here are the matching elements:

Ignored nodes: comments, script, style
<div
  class="text-sm font-medium text-blue-600"
>
  Database Configuration
</div>

Ignored nodes: comments, script, style
<button
  aria-controls="radix-«r0»-content-database"
  aria-selected="true"
  class="data-[state=active]:bg-background dark:data-[state=active]:text-foreground focus-visible:border-ring focus-visible:ring-ring/50 focus-visible:outline-ring dark:data-[state=active]:border-input dark:data-[state=active]:bg-input/30 text-foreground dark:text-muted-foreground inline-flex h-[calc(100%-1px)] flex-1 items-center justify-center gap-1.5 rounded-md border border-transparent px-2 py-1 text-sm font-medium whitespace-nowrap transition-[color,box-shadow] focus-visible:ring-[3px] focus-visible:outline-1 disabled:pointer-events-none disabled:opacity-50 data-[state=active]:shadow-sm [&_svg]:pointer-events-none [&_svg]:shrink-0 [&_svg:not([class*='size-'])]:size-4"
  data-orientation="horizontal"
  data-radix-collection-item=""
  data-slot="tabs-trigger"
  data-state="active"
  id="radix-«r0»-trigger-database"
  role="tab"
  tabindex="-1"
  type="button"
>
  Database Configuration
</button>

(If this is intentional, then use the `*AllBy*` variant of the query (like `queryAllByText`, `getAllByText`, or `findAllByText`)).

Ignored nodes: comments, script, style
<body>
  <div>
    <div
      class="min-h-screen bg-gray-50 flex items-center justify-center p-4"
    >
      <div
        class="w-full max-w-4xl"
      >
        <div
          class="bg-card text-card-foreground flex flex-col gap-6 rounded-xl border py-6 shadow-sm"
          data-slot="card"
        >
          <div
            class="@container/card-header grid auto-rows-min grid-rows-[auto_auto] items-start gap-1.5 px-6 has-data-[slot=card-action]:grid-cols-[1fr_auto] [.border-b]:pb-6 text-center"
            data-slot="card-header"
          >
            <div
              class="font-semibold text-2xl"
              data-slot="card-title"
            >
              Student Tracking App Setup
            </div>
            <div
              class="text-muted-foreground text-sm"
              data-slot="card-description"
            >
              Let's configure your application to get started
            </div>
          </div>
          <div
            class="px-6"
            data-slot="card-content"
          >
            <div
              class="mb-8"
            >
              <div
                class="flex items-center justify-between mb-4"
              >
                <div
                  class="flex items-center"
                >
                  <div
                    class="flex items-center"
                  >
                    <div
                      class="flex items-center justify-center w-8 h-8 rounded-full border-2 border-blue-500 text-blue-500"
                    >
                      <span
                        class="text-sm font-medium"
                      >
                        1
                      </span>
                    </div>
                    <div
                      class="ml-2"
                    >
                      <div
                        class="text-sm font-medium text-blue-600"
                      >
                        Database Configuration
                      </div>
                    </div>
                  </div>
                  <div
                    class="w-12 h-0.5 mx-4 bg-gray-300"
                  />
                </div>
                <div
                  class="flex items-center"
                >
                  <div
                    class="flex items-center"
                  >
                    <div
                      class="flex items-center justify-center w-8 h-8 rounded-full border-2 border-gray-300 text-gray-300"
                    >
                      <span
                        class="text-sm font-medium"
                      >
                        2
                      </span>
                    </div>
                    <div
                      class="ml-2"
                    >
                      <div
                        class="text-sm font-medium text-gray-500"
                      >
                        API Configuration
                      </div>
                    </div>
                  </div>
                  <div
                    class="w-12 h-0.5 mx-4 bg-gray-300"
                  />
                </div>
                <div
                  class="flex items-center"
                >
                  <div
                    class="flex items-center"
                  >
                    <div
                      class="flex items-center justify-center w-8 h-8 rounded-full border-2 border-gray-300 text-gray-300"
                    >
                      <span
                        class="text-sm font-medium"
                      >
                        3
                      </span>
                    </div>
                    <div
                      class="ml-2"
                    >
                      <div
                        class="text-sm font-medium text-gray-500"
                      >
                        Test Connections
                      </div>
                    </div>
                  </div>
                  <div
                    class="w-12 h-0.5 mx-4 bg-gray-300"
                  />
                </div>
                <div
                  class="flex items-center"
                >
                  <div
                    class="flex items-center"
                  >
                    <div
                      class="flex items-center justify-center w-8 h-8 rounded-full border-2 border-gray-300 text-gray-300"
                    >
                      <span
                        class="text-sm font-medium"
                      >
                        4
                      </span>
                    </div>
                    <div
                      class="ml-2"
                    >
                      <div
                        class="text-sm font-medium text-gray-500"
                      >
                        Sample Data
                      </div>
                      <div
                        class="text-xs text-gray-400"
                      >
                        Optional
                ...
    at Object.getElementError (D:\Projects\RK-ai 1.0\student-tracking-app\node_modules\@testing-library\dom\dist\config.js:37:19)
    at getElementError (D:\Projects\RK-ai 1.0\student-tracking-app\node_modules\@testing-library\dom\dist\query-helpers.js:20:35)
    at getMultipleElementsFoundError (D:\Projects\RK-ai 1.0\student-tracking-app\node_modules\@testing-library\dom\dist\query-helpers.js:23:10)
    at D:\Projects\RK-ai 1.0\student-tracking-app\node_modules\@testing-library\dom\dist\query-helpers.js:55:13
    at D:\Projects\RK-ai 1.0\student-tracking-app\node_modules\@testing-library\dom\dist\query-helpers.js:95:19
    at Object.getByText (D:\Projects\RK-ai 1.0\student-tracking-app\src\components\setup\__tests__\SetupWizard.test.tsx:77:19)
    at Promise.finally.completed (D:\Projects\RK-ai 1.0\student-tracking-app\node_modules\jest-circus\build\jestAdapterInit.js:1559:28)
    at new Promise (<anonymous>)
    at callAsyncCircusFn (D:\Projects\RK-ai 1.0\student-tracking-app\node_modules\jest-circus\build\jestAdapterInit.js:1499:10)
    at _callCircusTest (D:\Projects\RK-ai 1.0\student-tracking-app\node_modules\jest-circus\build\jestAdapterInit.js:1009:40)
    at processTicksAndRejections (node:internal/process/task_queues:105:5)
    at _runTest (D:\Projects\RK-ai 1.0\student-tracking-app\node_modules\jest-circus\build\jestAdapterInit.js:949:3)
    at _runTestsForDescribeBlock (D:\Projects\RK-ai 1.0\student-tracking-app\node_modules\jest-circus\build\jestAdapterInit.js:839:13)
    at _runTestsForDescribeBlock (D:\Projects\RK-ai 1.0\student-tracking-app\node_modules\jest-circus\build\jestAdapterInit.js:829:11)
    at run (D:\Projects\RK-ai 1.0\student-tracking-app\node_modules\jest-circus\build\jestAdapterInit.js:757:3)
    at runAndTransformResultsToJestFormat (D:\Projects\RK-ai 1.0\student-tracking-app\node_modules\jest-circus\build\jestAdapterInit.js:1920:21)
    at jestAdapter (D:\Projects\RK-ai 1.0\student-tracking-app\node_modules\jest-circus\build\runner.js:101:19)
    at runTestInternal (D:\Projects\RK-ai 1.0\student-tracking-app\node_modules\jest-runner\build\testWorker.js:275:16)
    at runTest (D:\Projects\RK-ai 1.0\student-tracking-app\node_modules\jest-runner\build\testWorker.js:343:7)
    at Object.worker (D:\Projects\RK-ai 1.0\student-tracking-app\node_modules\jest-runner\build\testWorker.js:497:12)]]></failure>
    </testCase>
    <testCase name="SetupWizard displays all setup steps" duration="42">
      <failure message="TestingLibraryElementError: Found multiple elements with the text: Database Configuration"><![CDATA[TestingLibraryElementError: Found multiple elements with the text: Database Configuration

Here are the matching elements:

Ignored nodes: comments, script, style
<div
  class="text-sm font-medium text-blue-600"
>
  Database Configuration
</div>

Ignored nodes: comments, script, style
<button
  aria-controls="radix-«r5»-content-database"
  aria-selected="true"
  class="data-[state=active]:bg-background dark:data-[state=active]:text-foreground focus-visible:border-ring focus-visible:ring-ring/50 focus-visible:outline-ring dark:data-[state=active]:border-input dark:data-[state=active]:bg-input/30 text-foreground dark:text-muted-foreground inline-flex h-[calc(100%-1px)] flex-1 items-center justify-center gap-1.5 rounded-md border border-transparent px-2 py-1 text-sm font-medium whitespace-nowrap transition-[color,box-shadow] focus-visible:ring-[3px] focus-visible:outline-1 disabled:pointer-events-none disabled:opacity-50 data-[state=active]:shadow-sm [&_svg]:pointer-events-none [&_svg]:shrink-0 [&_svg:not([class*='size-'])]:size-4"
  data-orientation="horizontal"
  data-radix-collection-item=""
  data-slot="tabs-trigger"
  data-state="active"
  id="radix-«r5»-trigger-database"
  role="tab"
  tabindex="-1"
  type="button"
>
  Database Configuration
</button>

(If this is intentional, then use the `*AllBy*` variant of the query (like `queryAllByText`, `getAllByText`, or `findAllByText`)).

Ignored nodes: comments, script, style
<body>
  <div>
    <div
      class="min-h-screen bg-gray-50 flex items-center justify-center p-4"
    >
      <div
        class="w-full max-w-4xl"
      >
        <div
          class="bg-card text-card-foreground flex flex-col gap-6 rounded-xl border py-6 shadow-sm"
          data-slot="card"
        >
          <div
            class="@container/card-header grid auto-rows-min grid-rows-[auto_auto] items-start gap-1.5 px-6 has-data-[slot=card-action]:grid-cols-[1fr_auto] [.border-b]:pb-6 text-center"
            data-slot="card-header"
          >
            <div
              class="font-semibold text-2xl"
              data-slot="card-title"
            >
              Student Tracking App Setup
            </div>
            <div
              class="text-muted-foreground text-sm"
              data-slot="card-description"
            >
              Let's configure your application to get started
            </div>
          </div>
          <div
            class="px-6"
            data-slot="card-content"
          >
            <div
              class="mb-8"
            >
              <div
                class="flex items-center justify-between mb-4"
              >
                <div
                  class="flex items-center"
                >
                  <div
                    class="flex items-center"
                  >
                    <div
                      class="flex items-center justify-center w-8 h-8 rounded-full border-2 border-blue-500 text-blue-500"
                    >
                      <span
                        class="text-sm font-medium"
                      >
                        1
                      </span>
                    </div>
                    <div
                      class="ml-2"
                    >
                      <div
                        class="text-sm font-medium text-blue-600"
                      >
                        Database Configuration
                      </div>
                    </div>
                  </div>
                  <div
                    class="w-12 h-0.5 mx-4 bg-gray-300"
                  />
                </div>
                <div
                  class="flex items-center"
                >
                  <div
                    class="flex items-center"
                  >
                    <div
                      class="flex items-center justify-center w-8 h-8 rounded-full border-2 border-gray-300 text-gray-300"
                    >
                      <span
                        class="text-sm font-medium"
                      >
                        2
                      </span>
                    </div>
                    <div
                      class="ml-2"
                    >
                      <div
                        class="text-sm font-medium text-gray-500"
                      >
                        API Configuration
                      </div>
                    </div>
                  </div>
                  <div
                    class="w-12 h-0.5 mx-4 bg-gray-300"
                  />
                </div>
                <div
                  class="flex items-center"
                >
                  <div
                    class="flex items-center"
                  >
                    <div
                      class="flex items-center justify-center w-8 h-8 rounded-full border-2 border-gray-300 text-gray-300"
                    >
                      <span
                        class="text-sm font-medium"
                      >
                        3
                      </span>
                    </div>
                    <div
                      class="ml-2"
                    >
                      <div
                        class="text-sm font-medium text-gray-500"
                      >
                        Test Connections
                      </div>
                    </div>
                  </div>
                  <div
                    class="w-12 h-0.5 mx-4 bg-gray-300"
                  />
                </div>
                <div
                  class="flex items-center"
                >
                  <div
                    class="flex items-center"
                  >
                    <div
                      class="flex items-center justify-center w-8 h-8 rounded-full border-2 border-gray-300 text-gray-300"
                    >
                      <span
                        class="text-sm font-medium"
                      >
                        4
                      </span>
                    </div>
                    <div
                      class="ml-2"
                    >
                      <div
                        class="text-sm font-medium text-gray-500"
                      >
                        Sample Data
                      </div>
                      <div
                        class="text-xs text-gray-400"
                      >
                        Optional
                ...
    at Object.getElementError (D:\Projects\RK-ai 1.0\student-tracking-app\node_modules\@testing-library\dom\dist\config.js:37:19)
    at getElementError (D:\Projects\RK-ai 1.0\student-tracking-app\node_modules\@testing-library\dom\dist\query-helpers.js:20:35)
    at getMultipleElementsFoundError (D:\Projects\RK-ai 1.0\student-tracking-app\node_modules\@testing-library\dom\dist\query-helpers.js:23:10)
    at D:\Projects\RK-ai 1.0\student-tracking-app\node_modules\@testing-library\dom\dist\query-helpers.js:55:13
    at D:\Projects\RK-ai 1.0\student-tracking-app\node_modules\@testing-library\dom\dist\query-helpers.js:95:19
    at Object.getByText (D:\Projects\RK-ai 1.0\student-tracking-app\src\components\setup\__tests__\SetupWizard.test.tsx:83:19)
    at Promise.finally.completed (D:\Projects\RK-ai 1.0\student-tracking-app\node_modules\jest-circus\build\jestAdapterInit.js:1559:28)
    at new Promise (<anonymous>)
    at callAsyncCircusFn (D:\Projects\RK-ai 1.0\student-tracking-app\node_modules\jest-circus\build\jestAdapterInit.js:1499:10)
    at _callCircusTest (D:\Projects\RK-ai 1.0\student-tracking-app\node_modules\jest-circus\build\jestAdapterInit.js:1009:40)
    at processTicksAndRejections (node:internal/process/task_queues:105:5)
    at _runTest (D:\Projects\RK-ai 1.0\student-tracking-app\node_modules\jest-circus\build\jestAdapterInit.js:949:3)
    at _runTestsForDescribeBlock (D:\Projects\RK-ai 1.0\student-tracking-app\node_modules\jest-circus\build\jestAdapterInit.js:839:13)
    at _runTestsForDescribeBlock (D:\Projects\RK-ai 1.0\student-tracking-app\node_modules\jest-circus\build\jestAdapterInit.js:829:11)
    at run (D:\Projects\RK-ai 1.0\student-tracking-app\node_modules\jest-circus\build\jestAdapterInit.js:757:3)
    at runAndTransformResultsToJestFormat (D:\Projects\RK-ai 1.0\student-tracking-app\node_modules\jest-circus\build\jestAdapterInit.js:1920:21)
    at jestAdapter (D:\Projects\RK-ai 1.0\student-tracking-app\node_modules\jest-circus\build\runner.js:101:19)
    at runTestInternal (D:\Projects\RK-ai 1.0\student-tracking-app\node_modules\jest-runner\build\testWorker.js:275:16)
    at runTest (D:\Projects\RK-ai 1.0\student-tracking-app\node_modules\jest-runner\build\testWorker.js:343:7)
    at Object.worker (D:\Projects\RK-ai 1.0\student-tracking-app\node_modules\jest-runner\build\testWorker.js:497:12)]]></failure>
    </testCase>
    <testCase name="SetupWizard starts with the first step active" duration="28"/>
    <testCase name="SetupWizard loads existing configuration on mount" duration="36"/>
    <testCase name="SetupWizard updates database configuration when child component calls onUpdate" duration="53"/>
    <testCase name="SetupWizard completes database step and advances to next step" duration="39"/>
    <testCase name="SetupWizard updates API configuration when child component calls onUpdate" duration="28">
      <failure message="TestingLibraryElementError: Found multiple elements with the text: API Configuration"><![CDATA[TestingLibraryElementError: Found multiple elements with the text: API Configuration

Here are the matching elements:

Ignored nodes: comments, script, style
<div
  class="text-sm font-medium text-green-600"
>
  API Configuration
</div>

Ignored nodes: comments, script, style
<button
  aria-controls="radix-«ru»-content-api"
  aria-selected="false"
  class="data-[state=active]:bg-background dark:data-[state=active]:text-foreground focus-visible:border-ring focus-visible:ring-ring/50 focus-visible:outline-ring dark:data-[state=active]:border-input dark:data-[state=active]:bg-input/30 text-foreground dark:text-muted-foreground inline-flex h-[calc(100%-1px)] flex-1 items-center justify-center gap-1.5 rounded-md border border-transparent px-2 py-1 text-sm font-medium whitespace-nowrap transition-[color,box-shadow] focus-visible:ring-[3px] focus-visible:outline-1 disabled:pointer-events-none disabled:opacity-50 data-[state=active]:shadow-sm [&_svg]:pointer-events-none [&_svg]:shrink-0 [&_svg:not([class*='size-'])]:size-4"
  data-orientation="horizontal"
  data-radix-collection-item=""
  data-slot="tabs-trigger"
  data-state="inactive"
  id="radix-«ru»-trigger-api"
  role="tab"
  tabindex="-1"
  type="button"
>
  API Configuration
</button>

(If this is intentional, then use the `*AllBy*` variant of the query (like `queryAllByText`, `getAllByText`, or `findAllByText`)).

Ignored nodes: comments, script, style
<body>
  <div>
    <div
      class="min-h-screen bg-gray-50 flex items-center justify-center p-4"
    >
      <div
        class="w-full max-w-4xl"
      >
        <div
          class="bg-card text-card-foreground flex flex-col gap-6 rounded-xl border py-6 shadow-sm"
          data-slot="card"
        >
          <div
            class="@container/card-header grid auto-rows-min grid-rows-[auto_auto] items-start gap-1.5 px-6 has-data-[slot=card-action]:grid-cols-[1fr_auto] [.border-b]:pb-6 text-center"
            data-slot="card-header"
          >
            <div
              class="font-semibold text-2xl"
              data-slot="card-title"
            >
              Student Tracking App Setup
            </div>
            <div
              class="text-muted-foreground text-sm"
              data-slot="card-description"
            >
              Let's configure your application to get started
            </div>
          </div>
          <div
            class="px-6"
            data-slot="card-content"
          >
            <div
              class="mb-8"
            >
              <div
                class="flex items-center justify-between mb-4"
              >
                <div
                  class="flex items-center"
                >
                  <div
                    class="flex items-center"
                  >
                    <div
                      class="flex items-center justify-center w-8 h-8 rounded-full border-2 bg-green-500 border-green-500 text-white"
                    >
                      <svg
                        aria-hidden="true"
                        class="lucide lucide-circle-check-big w-5 h-5"
                        fill="none"
                        height="24"
                        stroke="currentColor"
                        stroke-linecap="round"
                        stroke-linejoin="round"
                        stroke-width="2"
                        viewBox="0 0 24 24"
                        width="24"
                        xmlns="http://www.w3.org/2000/svg"
                      >
                        <path
                          d="M21.801 10A10 10 0 1 1 17 3.335"
                        />
                        <path
                          d="m9 11 3 3L22 4"
                        />
                      </svg>
                    </div>
                    <div
                      class="ml-2"
                    >
                      <div
                        class="text-sm font-medium text-green-600"
                      >
                        Database Configuration
                      </div>
                    </div>
                  </div>
                  <div
                    class="w-12 h-0.5 mx-4 bg-green-500"
                  />
                </div>
                <div
                  class="flex items-center"
                >
                  <div
                    class="flex items-center"
                  >
                    <div
                      class="flex items-center justify-center w-8 h-8 rounded-full border-2 bg-green-500 border-green-500 text-white"
                    >
                      <svg
                        aria-hidden="true"
                        class="lucide lucide-circle-check-big w-5 h-5"
                        fill="none"
                        height="24"
                        stroke="currentColor"
                        stroke-linecap="round"
                        stroke-linejoin="round"
                        stroke-width="2"
                        viewBox="0 0 24 24"
                        width="24"
                        xmlns="http://www.w3.org/2000/svg"
                      >
                        <path
                          d="M21.801 10A10 10 0 1 1 17 3.335"
                        />
                        <path
                          d="m9 11 3 3L22 4"
                        />
                      </svg>
                    </div>
                    <div
                      class="ml-2"
                    >
                      <div
                        class="text-sm font-medium text-green-600"
                      >
                        API Configuration
                      </div>
                    </div>
                  </div>
                  <div
                    class="w-12 h-0.5 mx-4 bg-green-500"
                  />
                </div>
                <div
                  class="flex items-center"
                >
                  <div
                    class="flex items-center"
                  >
                    <div
                      class="flex items-center justify-center w-8 h-8 rounded-full border-2 border-gray-300 text-gray-300"
                    >
                      <span
                        class="text-sm font-medium"
                      >
                        3
                      </span>
                    </div>
                    <div...
    at Object.getElementError (D:\Projects\RK-ai 1.0\student-tracking-app\node_modules\@testing-library\dom\dist\config.js:37:19)
    at getElementError (D:\Projects\RK-ai 1.0\student-tracking-app\node_modules\@testing-library\dom\dist\query-helpers.js:20:35)
    at getMultipleElementsFoundError (D:\Projects\RK-ai 1.0\student-tracking-app\node_modules\@testing-library\dom\dist\query-helpers.js:23:10)
    at D:\Projects\RK-ai 1.0\student-tracking-app\node_modules\@testing-library\dom\dist\query-helpers.js:55:13
    at D:\Projects\RK-ai 1.0\student-tracking-app\node_modules\@testing-library\dom\dist\query-helpers.js:95:19
    at Object.getByText (D:\Projects\RK-ai 1.0\student-tracking-app\src\components\setup\__tests__\SetupWizard.test.tsx:143:27)
    at Promise.finally.completed (D:\Projects\RK-ai 1.0\student-tracking-app\node_modules\jest-circus\build\jestAdapterInit.js:1559:28)
    at new Promise (<anonymous>)
    at callAsyncCircusFn (D:\Projects\RK-ai 1.0\student-tracking-app\node_modules\jest-circus\build\jestAdapterInit.js:1499:10)
    at _callCircusTest (D:\Projects\RK-ai 1.0\student-tracking-app\node_modules\jest-circus\build\jestAdapterInit.js:1009:40)
    at _runTest (D:\Projects\RK-ai 1.0\student-tracking-app\node_modules\jest-circus\build\jestAdapterInit.js:949:3)
    at _runTestsForDescribeBlock (D:\Projects\RK-ai 1.0\student-tracking-app\node_modules\jest-circus\build\jestAdapterInit.js:839:13)
    at _runTestsForDescribeBlock (D:\Projects\RK-ai 1.0\student-tracking-app\node_modules\jest-circus\build\jestAdapterInit.js:829:11)
    at run (D:\Projects\RK-ai 1.0\student-tracking-app\node_modules\jest-circus\build\jestAdapterInit.js:757:3)
    at runAndTransformResultsToJestFormat (D:\Projects\RK-ai 1.0\student-tracking-app\node_modules\jest-circus\build\jestAdapterInit.js:1920:21)
    at jestAdapter (D:\Projects\RK-ai 1.0\student-tracking-app\node_modules\jest-circus\build\runner.js:101:19)
    at runTestInternal (D:\Projects\RK-ai 1.0\student-tracking-app\node_modules\jest-runner\build\testWorker.js:275:16)
    at runTest (D:\Projects\RK-ai 1.0\student-tracking-app\node_modules\jest-runner\build\testWorker.js:343:7)
    at Object.worker (D:\Projects\RK-ai 1.0\student-tracking-app\node_modules\jest-runner\build\testWorker.js:497:12)]]></failure>
    </testCase>
    <testCase name="SetupWizard allows navigation between completed steps" duration="43">
      <failure message="TestingLibraryElementError: Found multiple elements with the text: Database Configuration"><![CDATA[TestingLibraryElementError: Found multiple elements with the text: Database Configuration

Here are the matching elements:

Ignored nodes: comments, script, style
<div
  class="text-sm font-medium text-green-600"
>
  Database Configuration
</div>

Ignored nodes: comments, script, style
<button
  aria-controls="radix-«r13»-content-database"
  aria-selected="false"
  class="data-[state=active]:bg-background dark:data-[state=active]:text-foreground focus-visible:border-ring focus-visible:ring-ring/50 focus-visible:outline-ring dark:data-[state=active]:border-input dark:data-[state=active]:bg-input/30 text-foreground dark:text-muted-foreground inline-flex h-[calc(100%-1px)] flex-1 items-center justify-center gap-1.5 rounded-md border border-transparent px-2 py-1 text-sm font-medium whitespace-nowrap transition-[color,box-shadow] focus-visible:ring-[3px] focus-visible:outline-1 disabled:pointer-events-none disabled:opacity-50 data-[state=active]:shadow-sm [&_svg]:pointer-events-none [&_svg]:shrink-0 [&_svg:not([class*='size-'])]:size-4"
  data-orientation="horizontal"
  data-radix-collection-item=""
  data-slot="tabs-trigger"
  data-state="inactive"
  id="radix-«r13»-trigger-database"
  role="tab"
  tabindex="-1"
  type="button"
>
  Database Configuration
</button>

(If this is intentional, then use the `*AllBy*` variant of the query (like `queryAllByText`, `getAllByText`, or `findAllByText`)).

Ignored nodes: comments, script, style
<body>
  <div>
    <div
      class="min-h-screen bg-gray-50 flex items-center justify-center p-4"
    >
      <div
        class="w-full max-w-4xl"
      >
        <div
          class="bg-card text-card-foreground flex flex-col gap-6 rounded-xl border py-6 shadow-sm"
          data-slot="card"
        >
          <div
            class="@container/card-header grid auto-rows-min grid-rows-[auto_auto] items-start gap-1.5 px-6 has-data-[slot=card-action]:grid-cols-[1fr_auto] [.border-b]:pb-6 text-center"
            data-slot="card-header"
          >
            <div
              class="font-semibold text-2xl"
              data-slot="card-title"
            >
              Student Tracking App Setup
            </div>
            <div
              class="text-muted-foreground text-sm"
              data-slot="card-description"
            >
              Let's configure your application to get started
            </div>
          </div>
          <div
            class="px-6"
            data-slot="card-content"
          >
            <div
              class="mb-8"
            >
              <div
                class="flex items-center justify-between mb-4"
              >
                <div
                  class="flex items-center"
                >
                  <div
                    class="flex items-center"
                  >
                    <div
                      class="flex items-center justify-center w-8 h-8 rounded-full border-2 bg-green-500 border-green-500 text-white"
                    >
                      <svg
                        aria-hidden="true"
                        class="lucide lucide-circle-check-big w-5 h-5"
                        fill="none"
                        height="24"
                        stroke="currentColor"
                        stroke-linecap="round"
                        stroke-linejoin="round"
                        stroke-width="2"
                        viewBox="0 0 24 24"
                        width="24"
                        xmlns="http://www.w3.org/2000/svg"
                      >
                        <path
                          d="M21.801 10A10 10 0 1 1 17 3.335"
                        />
                        <path
                          d="m9 11 3 3L22 4"
                        />
                      </svg>
                    </div>
                    <div
                      class="ml-2"
                    >
                      <div
                        class="text-sm font-medium text-green-600"
                      >
                        Database Configuration
                      </div>
                    </div>
                  </div>
                  <div
                    class="w-12 h-0.5 mx-4 bg-green-500"
                  />
                </div>
                <div
                  class="flex items-center"
                >
                  <div
                    class="flex items-center"
                  >
                    <div
                      class="flex items-center justify-center w-8 h-8 rounded-full border-2 bg-green-500 border-green-500 text-white"
                    >
                      <svg
                        aria-hidden="true"
                        class="lucide lucide-circle-check-big w-5 h-5"
                        fill="none"
                        height="24"
                        stroke="currentColor"
                        stroke-linecap="round"
                        stroke-linejoin="round"
                        stroke-width="2"
                        viewBox="0 0 24 24"
                        width="24"
                        xmlns="http://www.w3.org/2000/svg"
                      >
                        <path
                          d="M21.801 10A10 10 0 1 1 17 3.335"
                        />
                        <path
                          d="m9 11 3 3L22 4"
                        />
                      </svg>
                    </div>
                    <div
                      class="ml-2"
                    >
                      <div
                        class="text-sm font-medium text-green-600"
                      >
                        API Configuration
                      </div>
                    </div>
                  </div>
                  <div
                    class="w-12 h-0.5 mx-4 bg-green-500"
                  />
                </div>
                <div
                  class="flex items-center"
                >
                  <div
                    class="flex items-center"
                  >
                    <div
                      class="flex items-center justify-center w-8 h-8 rounded-full border-2 border-gray-300 text-gray-300"
                    >
                      <span
                        class="text-sm font-medium"
                      >
                        3
                      </span>
                    </div>
                    <div...
    at Object.getElementError (D:\Projects\RK-ai 1.0\student-tracking-app\node_modules\@testing-library\dom\dist\config.js:37:19)
    at getElementError (D:\Projects\RK-ai 1.0\student-tracking-app\node_modules\@testing-library\dom\dist\query-helpers.js:20:35)
    at getMultipleElementsFoundError (D:\Projects\RK-ai 1.0\student-tracking-app\node_modules\@testing-library\dom\dist\query-helpers.js:23:10)
    at D:\Projects\RK-ai 1.0\student-tracking-app\node_modules\@testing-library\dom\dist\query-helpers.js:55:13
    at D:\Projects\RK-ai 1.0\student-tracking-app\node_modules\@testing-library\dom\dist\query-helpers.js:95:19
    at Object.getByText (D:\Projects\RK-ai 1.0\student-tracking-app\src\components\setup\__tests__\SetupWizard.test.tsx:168:32)]]></failure>
    </testCase>
    <testCase name="SetupWizard calls onComplete when setup is finished" duration="77">
      <failure message="Error: expect(jest.fn()).toHaveBeenCalled()"><![CDATA[Error: expect(jest.fn()).toHaveBeenCalled()

Expected number of calls: >= 1
Received number of calls:    0
    at Object.toHaveBeenCalled (D:\Projects\RK-ai 1.0\student-tracking-app\src\components\setup\__tests__\SetupWizard.test.tsx:189:45)]]></failure>
    </testCase>
    <testCase name="SetupWizard prevents navigation to incomplete steps" duration="18">
      <failure message="TestingLibraryElementError: Found multiple elements with the text: Test Connections"><![CDATA[TestingLibraryElementError: Found multiple elements with the text: Test Connections

Here are the matching elements:

Ignored nodes: comments, script, style
<div
  class="text-sm font-medium text-green-600"
>
  Test Connections
</div>

Ignored nodes: comments, script, style
<button
  aria-controls="radix-«r1d»-content-test"
  aria-selected="false"
  class="data-[state=active]:bg-background dark:data-[state=active]:text-foreground focus-visible:border-ring focus-visible:ring-ring/50 focus-visible:outline-ring dark:data-[state=active]:border-input dark:data-[state=active]:bg-input/30 text-foreground dark:text-muted-foreground inline-flex h-[calc(100%-1px)] flex-1 items-center justify-center gap-1.5 rounded-md border border-transparent px-2 py-1 text-sm font-medium whitespace-nowrap transition-[color,box-shadow] focus-visible:ring-[3px] focus-visible:outline-1 disabled:pointer-events-none disabled:opacity-50 data-[state=active]:shadow-sm [&_svg]:pointer-events-none [&_svg]:shrink-0 [&_svg:not([class*='size-'])]:size-4"
  data-orientation="horizontal"
  data-radix-collection-item=""
  data-slot="tabs-trigger"
  data-state="inactive"
  id="radix-«r1d»-trigger-test"
  role="tab"
  tabindex="-1"
  type="button"
>
  Test Connections
</button>

(If this is intentional, then use the `*AllBy*` variant of the query (like `queryAllByText`, `getAllByText`, or `findAllByText`)).

Ignored nodes: comments, script, style
<body>
  <div>
    <div
      class="min-h-screen bg-gray-50 flex items-center justify-center p-4"
    >
      <div
        class="w-full max-w-4xl"
      >
        <div
          class="bg-card text-card-foreground flex flex-col gap-6 rounded-xl border py-6 shadow-sm"
          data-slot="card"
        >
          <div
            class="@container/card-header grid auto-rows-min grid-rows-[auto_auto] items-start gap-1.5 px-6 has-data-[slot=card-action]:grid-cols-[1fr_auto] [.border-b]:pb-6 text-center"
            data-slot="card-header"
          >
            <div
              class="font-semibold text-2xl"
              data-slot="card-title"
            >
              Student Tracking App Setup
            </div>
            <div
              class="text-muted-foreground text-sm"
              data-slot="card-description"
            >
              Let's configure your application to get started
            </div>
          </div>
          <div
            class="px-6"
            data-slot="card-content"
          >
            <div
              class="mb-8"
            >
              <div
                class="flex items-center justify-between mb-4"
              >
                <div
                  class="flex items-center"
                >
                  <div
                    class="flex items-center"
                  >
                    <div
                      class="flex items-center justify-center w-8 h-8 rounded-full border-2 bg-green-500 border-green-500 text-white"
                    >
                      <svg
                        aria-hidden="true"
                        class="lucide lucide-circle-check-big w-5 h-5"
                        fill="none"
                        height="24"
                        stroke="currentColor"
                        stroke-linecap="round"
                        stroke-linejoin="round"
                        stroke-width="2"
                        viewBox="0 0 24 24"
                        width="24"
                        xmlns="http://www.w3.org/2000/svg"
                      >
                        <path
                          d="M21.801 10A10 10 0 1 1 17 3.335"
                        />
                        <path
                          d="m9 11 3 3L22 4"
                        />
                      </svg>
                    </div>
                    <div
                      class="ml-2"
                    >
                      <div
                        class="text-sm font-medium text-green-600"
                      >
                        Database Configuration
                      </div>
                    </div>
                  </div>
                  <div
                    class="w-12 h-0.5 mx-4 bg-green-500"
                  />
                </div>
                <div
                  class="flex items-center"
                >
                  <div
                    class="flex items-center"
                  >
                    <div
                      class="flex items-center justify-center w-8 h-8 rounded-full border-2 bg-green-500 border-green-500 text-white"
                    >
                      <svg
                        aria-hidden="true"
                        class="lucide lucide-circle-check-big w-5 h-5"
                        fill="none"
                        height="24"
                        stroke="currentColor"
                        stroke-linecap="round"
                        stroke-linejoin="round"
                        stroke-width="2"
                        viewBox="0 0 24 24"
                        width="24"
                        xmlns="http://www.w3.org/2000/svg"
                      >
                        <path
                          d="M21.801 10A10 10 0 1 1 17 3.335"
                        />
                        <path
                          d="m9 11 3 3L22 4"
                        />
                      </svg>
                    </div>
                    <div
                      class="ml-2"
                    >
                      <div
                        class="text-sm font-medium text-green-600"
                      >
                        API Configuration
                      </div>
                    </div>
                  </div>
                  <div
                    class="w-12 h-0.5 mx-4 bg-green-500"
                  />
                </div>
                <div
                  class="flex items-center"
                >
                  <div
                    class="flex items-center"
                  >
                    <div
                      class="flex items-center justify-center w-8 h-8 rounded-full border-2 bg-green-500 border-green-500 text-white"
                    >
                      <svg
                        aria-hidden="true"
                        class="lucide lucide-circle-check-big w-5 h-5"
                        fill="none"
                        [...
    at Object.getElementError (D:\Projects\RK-ai 1.0\student-tracking-app\node_modules\@testing-library\dom\dist\config.js:37:19)
    at getElementError (D:\Projects\RK-ai 1.0\student-tracking-app\node_modules\@testing-library\dom\dist\query-helpers.js:20:35)
    at getMultipleElementsFoundError (D:\Projects\RK-ai 1.0\student-tracking-app\node_modules\@testing-library\dom\dist\query-helpers.js:23:10)
    at D:\Projects\RK-ai 1.0\student-tracking-app\node_modules\@testing-library\dom\dist\query-helpers.js:55:13
    at D:\Projects\RK-ai 1.0\student-tracking-app\node_modules\@testing-library\dom\dist\query-helpers.js:95:19
    at Object.getByText (D:\Projects\RK-ai 1.0\student-tracking-app\src\components\setup\__tests__\SetupWizard.test.tsx:197:28)
    at Promise.finally.completed (D:\Projects\RK-ai 1.0\student-tracking-app\node_modules\jest-circus\build\jestAdapterInit.js:1559:28)
    at new Promise (<anonymous>)
    at callAsyncCircusFn (D:\Projects\RK-ai 1.0\student-tracking-app\node_modules\jest-circus\build\jestAdapterInit.js:1499:10)
    at _callCircusTest (D:\Projects\RK-ai 1.0\student-tracking-app\node_modules\jest-circus\build\jestAdapterInit.js:1009:40)
    at _runTest (D:\Projects\RK-ai 1.0\student-tracking-app\node_modules\jest-circus\build\jestAdapterInit.js:949:3)
    at _runTestsForDescribeBlock (D:\Projects\RK-ai 1.0\student-tracking-app\node_modules\jest-circus\build\jestAdapterInit.js:839:13)
    at _runTestsForDescribeBlock (D:\Projects\RK-ai 1.0\student-tracking-app\node_modules\jest-circus\build\jestAdapterInit.js:829:11)
    at run (D:\Projects\RK-ai 1.0\student-tracking-app\node_modules\jest-circus\build\jestAdapterInit.js:757:3)
    at runAndTransformResultsToJestFormat (D:\Projects\RK-ai 1.0\student-tracking-app\node_modules\jest-circus\build\jestAdapterInit.js:1920:21)
    at jestAdapter (D:\Projects\RK-ai 1.0\student-tracking-app\node_modules\jest-circus\build\runner.js:101:19)
    at runTestInternal (D:\Projects\RK-ai 1.0\student-tracking-app\node_modules\jest-runner\build\testWorker.js:275:16)
    at runTest (D:\Projects\RK-ai 1.0\student-tracking-app\node_modules\jest-runner\build\testWorker.js:343:7)
    at Object.worker (D:\Projects\RK-ai 1.0\student-tracking-app\node_modules\jest-runner\build\testWorker.js:497:12)]]></failure>
    </testCase>
    <testCase name="SetupWizard marks steps as completed based on configuration" duration="23"/>
  </file>
  <file path="D:\Projects\RK-ai 1.0\student-tracking-app\src\components\setup\__tests__\ConnectionTest.test.tsx">
    <testCase name="ConnectionTest renders connection test interface" duration="102"/>
    <testCase name="ConnectionTest shows test button initially" duration="20"/>
    <testCase name="ConnectionTest runs all tests when button is clicked" duration="58"/>
    <testCase name="ConnectionTest shows loading state during tests" duration="29"/>
    <testCase name="ConnectionTest displays test results for database connections" duration="62"/>
    <testCase name="ConnectionTest displays test results for API connections" duration="63"/>
    <testCase name="ConnectionTest calls onComplete when all tests pass" duration="38"/>
    <testCase name="ConnectionTest does not call onComplete when tests fail" duration="63"/>
    <testCase name="ConnectionTest handles API errors gracefully" duration="31"/>
    <testCase name="ConnectionTest makes correct API calls for testing" duration="1033">
      <failure message="Error: expect(jest.fn()).toHaveBeenCalledWith(...expected)"><![CDATA[Error: expect(jest.fn()).toHaveBeenCalledWith(...expected)

Expected: "/api/test/schema", {"body": "{\"neon\":{\"connectionString\":\"postgresql://test:test@localhost:5432/test\"},\"qdrant\":{\"url\":\"https://test.qdrant.tech\",\"apiKey\":\"test-key\",\"collectionName\":\"student_notes\"}}", "headers": {"Content-Type": "application/json"}, "method": "POST"}
Received
       1
          "/api/test/database",
          {"body": "{\"neon\":{\"connectionString\":\"postgresql://test:test@localhost:5432/test\"},\"qdrant\":{\"url\":\"https://test.qdrant.tech\",\"apiKey\":\"test-key\",\"collectionName\":\"student_notes\"}}", "headers": {"Content-Type": "application/json"}, "method": "POST"},
       2
          "/api/setup/schema",
          {"body": "{\"neon\":{\"connectionString\":\"postgresql://test:test@localhost:5432/test\"},\"qdrant\":{\"url\":\"https://test.qdrant.tech\",\"apiKey\":\"test-key\",\"collectionName\":\"student_notes\"}}", "headers": {"Content-Type": "application/json"}, "method": "POST"},
       3
          "/api/test/api",
          Object {
        -   "body": "{\"neon\":{\"connectionString\":\"postgresql://test:test@localhost:5432/test\"},\"qdrant\":{\"url\":\"https://test.qdrant.tech\",\"apiKey\":\"test-key\",\"collectionName\":\"student_notes\"}}",
        +   "body": "{\"transcription\":{\"provider\":\"openai\",\"apiKey\":\"test-key\",\"model\":\"whisper-1\"},\"llm\":{\"provider\":\"google\",\"apiKey\":\"test-key\",\"model\":\"gemini-pro\"},\"embeddings\":{\"provider\":\"openai\",\"apiKey\":\"test-key\",\"model\":\"text-embedding-ada-002\"}}",
            "headers": Object {
              "Content-Type": "application/json",
            },
            "method": "POST",
          },

Number of calls: 3

Ignored nodes: comments, script, style
<html>
  <head />
  <body>
    <div>
      <div
        class="space-y-6"
      >
        <div
          class="text-center mb-6"
        >
          <svg
            aria-hidden="true"
            class="lucide lucide-shield w-12 h-12 mx-auto mb-4 text-blue-600"
            fill="none"
            height="24"
            stroke="currentColor"
            stroke-linecap="round"
            stroke-linejoin="round"
            stroke-width="2"
            viewBox="0 0 24 24"
            width="24"
            xmlns="http://www.w3.org/2000/svg"
          >
            <path
              d="M20 13c0 5-3.5 7.5-7.66 8.95a1 1 0 0 1-.67-.01C7.5 20.5 4 18 4 13V6a1 1 0 0 1 1-1c2 0 4.5-1.2 6.24-2.72a1.17 1.17 0 0 1 1.52 0C14.51 3.81 17 5 19 5a1 1 0 0 1 1 1z"
            />
          </svg>
          <h3
            class="text-lg font-semibold"
          >
            Connection Testing
          </h3>
          <p
            class="text-gray-600"
          >
            Verify all your configurations are working correctly
          </p>
        </div>
        <div
          class="space-y-4"
        >
          <div
            class="bg-card text-card-foreground flex flex-col gap-6 rounded-xl border py-6 shadow-sm"
            data-slot="card"
          >
            <div
              class="@container/card-header grid auto-rows-min grid-rows-[auto_auto] items-start gap-1.5 px-6 has-data-[slot=card-action]:grid-cols-[1fr_auto] [.border-b]:pb-6"
              data-slot="card-header"
            >
              <div
                class="leading-none font-semibold flex items-center gap-2"
                data-slot="card-title"
              >
                <svg
                  aria-hidden="true"
                  class="lucide lucide-database w-5 h-5"
                  fill="none"
                  height="24"
                  stroke="currentColor"
                  stroke-linecap="round"
                  stroke-linejoin="round"
                  stroke-width="2"
                  viewBox="0 0 24 24"
                  width="24"
                  xmlns="http://www.w3.org/2000/svg"
                >
                  <ellipse
                    cx="12"
                    cy="5"
                    rx="9"
                    ry="3"
                  />
                  <path
                    d="M3 5V19A9 3 0 0 0 21 19V5"
                  />
                  <path
                    d="M3 12A9 3 0 0 0 21 12"
                  />
                </svg>
                Database Connections
              </div>
              <div
                class="text-muted-foreground text-sm"
                data-slot="card-description"
              >
                Testing Neon PostgreSQL and Qdrant vector database connections
              </div>
            </div>
            <div
              class="px-6"
              data-slot="card-content"
            >
              <div
                class="flex items-center gap-2 p-3 rounded bg-green-50 text-green-700"
              >
                <svg
                  aria-hidden="true"
                  class="lucide lucide-circle-check-big w-5 h-5"
                  fill="none"
                  height="24"
                  stroke="currentColor"
                  stroke-linecap="round"
                  stroke-linejoin="round"
                  stroke-width="2"
                  viewBox="0 0 24 24"
                  width="24"
                  xmlns="http://www.w3.org/2000/svg"
                >
                  <path
                    d="M21.801 10A10 10 0 1 1 17 3.335"
                  />
                  <path
                    d="m9 11 3 3L22 4"
                  />
                </svg>
                <div>
                  <div
                    class="font-medium"
                  >
                    Connection Successful
                  </div>
                  <div
                    class="text-sm"
                  />
                </div>
              </div>
            </div>
          </div>
          <div
            class="bg-card text-card-foreground flex flex-col gap-6 rounded-xl border py-6 shadow-sm"
            data-slot="card"
          >
            <div
              class="@container/card-header grid auto-rows-min grid-rows-[auto_auto] items-start gap-1.5 px-6 has-data-[slot=card-action]:grid-cols-[1fr_auto] [.border-b]:pb-6"
              data-slot="card-header"
            >
              <div
                class="leading-none font-semibold flex items-center gap-2"
                data-slot="card-title"
              >
                <svg
                  aria-hidden="true"
                  class="lucide lucide-database w-5 h-5"
                  fill="none"
                  height="24"
                  stroke="currentColor"
                  [33...
    at toHaveBeenCalledWith (D:\Projects\RK-ai 1.0\student-tracking-app\src\components\setup\__tests__\ConnectionTest.test.tsx:223:28)
    at runWithExpensiveErrorDiagnosticsDisabled (D:\Projects\RK-ai 1.0\student-tracking-app\node_modules\@testing-library\dom\dist\config.js:47:12)
    at checkCallback (D:\Projects\RK-ai 1.0\student-tracking-app\node_modules\@testing-library\dom\dist\wait-for.js:124:77)
    at checkRealTimersCallback (D:\Projects\RK-ai 1.0\student-tracking-app\node_modules\@testing-library\dom\dist\wait-for.js:118:16)
    at Timeout.task [as _onTimeout] (D:\Projects\RK-ai 1.0\student-tracking-app\node_modules\jsdom\lib\jsdom\browser\Window.js:579:19)
    at listOnTimeout (node:internal/timers:588:17)
    at processTimers (node:internal/timers:523:7)]]></failure>
    </testCase>
    <testCase name="ConnectionTest stops testing if database connection fails" duration="19"/>
  </file>
  <file path="D:\Projects\RK-ai 1.0\student-tracking-app\src\components\setup\__tests__\DatabaseSetup.test.tsx">
    <testCase name="DatabaseSetup renders database setup form" duration="119"/>
    <testCase name="DatabaseSetup displays form fields for database configuration" duration="48"/>
    <testCase name="DatabaseSetup updates configuration when form fields change" duration="836"/>
    <testCase name="DatabaseSetup updates Qdrant configuration when fields change" duration="464"/>
    <testCase name="DatabaseSetup validates form before testing connection" duration="21">
      <failure message="TestingLibraryElementError: Unable to find a label with the text of: Neon Connection String"><![CDATA[TestingLibraryElementError: Unable to find a label with the text of: Neon Connection String

Ignored nodes: comments, script, style
<body>
  <div>
    <div
      class="space-y-6"
    >
      <div
        class="text-center mb-6"
      >
        <svg
          aria-hidden="true"
          class="lucide lucide-database w-12 h-12 mx-auto mb-4 text-blue-600"
          fill="none"
          height="24"
          stroke="currentColor"
          stroke-linecap="round"
          stroke-linejoin="round"
          stroke-width="2"
          viewBox="0 0 24 24"
          width="24"
          xmlns="http://www.w3.org/2000/svg"
        >
          <ellipse
            cx="12"
            cy="5"
            rx="9"
            ry="3"
          />
          <path
            d="M3 5V19A9 3 0 0 0 21 19V5"
          />
          <path
            d="M3 12A9 3 0 0 0 21 12"
          />
        </svg>
        <h3
          class="text-lg font-semibold"
        >
          Database Configuration
        </h3>
        <p
          class="text-gray-600"
        >
          Configure your Neon PostgreSQL and Qdrant vector database connections
        </p>
      </div>
      <div
        class="text-card-foreground flex flex-col gap-6 rounded-xl border py-6 shadow-sm border-amber-200 bg-amber-50"
        data-slot="card"
      >
        <div
          class="px-6 pt-4"
          data-slot="card-content"
        >
          <div
            class="flex items-start gap-3"
          >
            <svg
              aria-hidden="true"
              class="lucide lucide-shield w-5 h-5 text-amber-600 mt-0.5"
              fill="none"
              height="24"
              stroke="currentColor"
              stroke-linecap="round"
              stroke-linejoin="round"
              stroke-width="2"
              viewBox="0 0 24 24"
              width="24"
              xmlns="http://www.w3.org/2000/svg"
            >
              <path
                d="M20 13c0 5-3.5 7.5-7.66 8.95a1 1 0 0 1-.67-.01C7.5 20.5 4 18 4 13V6a1 1 0 0 1 1-1c2 0 4.5-1.2 6.24-2.72a1.17 1.17 0 0 1 1.52 0C14.51 3.81 17 5 19 5a1 1 0 0 1 1 1z"
              />
            </svg>
            <div>
              <h4
                class="font-medium text-amber-800 mb-2"
              >
                🔒 Security Notice
              </h4>
              <div
                class="text-sm text-amber-700 space-y-1"
              >
                <p>
                  • 
                  <strong>
                    Never share your credentials
                  </strong>
                   with anyone or commit them to version control
                </p>
                <p>
                  • 
                  <strong>
                    Use strong, unique passwords
                  </strong>
                   for your database accounts
                </p>
                <p>
                  • 
                  <strong>
                    Regularly rotate your API keys
                  </strong>
                   and monitor for unusual activity
                </p>
                <p>
                  • 
                  <strong>
                    Use environment variables
                  </strong>
                   for production deployments
                </p>
              </div>
            </div>
          </div>
        </div>
      </div>
      <div
        class="text-card-foreground flex flex-col gap-6 rounded-xl border py-6 shadow-sm border-blue-200 bg-blue-50"
        data-slot="card"
      >
        <div
          class="px-6 pt-4"
          data-slot="card-content"
        >
          <div
            class="flex items-start gap-3"
          >
            <svg
              aria-hidden="true"
              class="lucide lucide-info w-5 h-5 text-blue-600 mt-0.5"
              fill="none"
              height="24"
              stroke="currentColor"
              stroke-linecap="round"
              stroke-linejoin="round"
              stroke-width="2"
              viewBox="0 0 24 24"
              width="24"
              xmlns="http://www.w3.org/2000/svg"
            >
              <circle
                cx="12"
                cy="12"
                r="10"
              />
              <path
                d="M12 16v-4"
              />
              <path
                d="M12 8h.01"
              />
            </svg>
            <div>
              <h4
                class="font-medium text-blue-800 mb-2"
              >
                💡 Production Deployment
              </h4>
              <div
                class="text-sm text-blue-700 space-y-1"
              >
                <p>
                  For production deployments, you can use environment variables instead of this setup wizard:
                </p>
                <p>
                  • Set 
                  <code
          ...
    at Object.getElementError (D:\Projects\RK-ai 1.0\student-tracking-app\node_modules\@testing-library\dom\dist\config.js:37:19)
    at getAllByLabelText (D:\Projects\RK-ai 1.0\student-tracking-app\node_modules\@testing-library\dom\dist\queries\label-text.js:111:38)
    at D:\Projects\RK-ai 1.0\student-tracking-app\node_modules\@testing-library\dom\dist\query-helpers.js:52:17
    at D:\Projects\RK-ai 1.0\student-tracking-app\node_modules\@testing-library\dom\dist\query-helpers.js:95:19
    at Object.getByLabelText (D:\Projects\RK-ai 1.0\student-tracking-app\src\components\setup\__tests__\DatabaseSetup.test.tsx:104:30)
    at Promise.finally.completed (D:\Projects\RK-ai 1.0\student-tracking-app\node_modules\jest-circus\build\jestAdapterInit.js:1559:28)
    at new Promise (<anonymous>)
    at callAsyncCircusFn (D:\Projects\RK-ai 1.0\student-tracking-app\node_modules\jest-circus\build\jestAdapterInit.js:1499:10)
    at _callCircusTest (D:\Projects\RK-ai 1.0\student-tracking-app\node_modules\jest-circus\build\jestAdapterInit.js:1009:40)
    at _runTest (D:\Projects\RK-ai 1.0\student-tracking-app\node_modules\jest-circus\build\jestAdapterInit.js:949:3)
    at _runTestsForDescribeBlock (D:\Projects\RK-ai 1.0\student-tracking-app\node_modules\jest-circus\build\jestAdapterInit.js:839:13)
    at _runTestsForDescribeBlock (D:\Projects\RK-ai 1.0\student-tracking-app\node_modules\jest-circus\build\jestAdapterInit.js:829:11)
    at run (D:\Projects\RK-ai 1.0\student-tracking-app\node_modules\jest-circus\build\jestAdapterInit.js:757:3)
    at runAndTransformResultsToJestFormat (D:\Projects\RK-ai 1.0\student-tracking-app\node_modules\jest-circus\build\jestAdapterInit.js:1920:21)
    at jestAdapter (D:\Projects\RK-ai 1.0\student-tracking-app\node_modules\jest-circus\build\runner.js:101:19)
    at runTestInternal (D:\Projects\RK-ai 1.0\student-tracking-app\node_modules\jest-runner\build\testWorker.js:275:16)
    at runTest (D:\Projects\RK-ai 1.0\student-tracking-app\node_modules\jest-runner\build\testWorker.js:343:7)
    at Object.worker (D:\Projects\RK-ai 1.0\student-tracking-app\node_modules\jest-runner\build\testWorker.js:497:12)]]></failure>
    </testCase>
    <testCase name="DatabaseSetup tests database connection when form is valid" duration="39"/>
    <testCase name="DatabaseSetup shows loading state during connection test" duration="173"/>
    <testCase name="DatabaseSetup calls onComplete when connection test succeeds" duration="62"/>
    <testCase name="DatabaseSetup shows error message when connection test fails" duration="48"/>
    <testCase name="DatabaseSetup parses and displays connection string details" duration="15"/>
    <testCase name="DatabaseSetup disables test button when required fields are empty" duration="11"/>
    <testCase name="DatabaseSetup enables test button when all required fields are filled" duration="11"/>
  </file>
</testExecutions>